<?xml version="1.0" encoding="UTF-8"?>
<!-- Generated by org.testng.reporters.JUnitXMLReporter -->
<testsuite hostname="DS-000000006173" name="Chrome Browser" tests="1" failures="0" timestamp="28 Apr 2016 10:37:26 GMT" time="100.482" errors="0">
  <testcase name="@AfterTest afterTest" time="0.0" classname="rawItemActivityBundle.US290_RawItemActivity">
    <failure type="java.io.FileNotFoundException" message="Report_Excel\Report.xls (The process cannot access the file because it is being used by another process)">
      <![CDATA[java.io.FileNotFoundException: Report_Excel\Report.xls (The process cannot access the file because it is being used by another process)
	at java.io.FileOutputStream.open(Native Method)
	at java.io.FileOutputStream.<init>(Unknown Source)
	at java.io.FileOutputStream.<init>(Unknown Source)
	at jxl.Workbook.createWorkbook(Workbook.java:338)
	at jxl.Workbook.createWorkbook(Workbook.java:320)
	at common.Reporter.updateTotalCount(Reporter.java:192)
	at sprint2.AbstractTest.afterTest(AbstractTest.java:154)
... Removed 22 stack frames]]>
    </failure>
  </testcase> <!-- @AfterTest afterTest -->
  <testcase name="rawItemActivityBundle_US290_TC2235" time="60.69" classname="rawItemActivityBundle.US290_RawItemActivity"/>
</testsuite> <!-- Chrome Browser -->
