<?xml version="1.0" encoding="UTF-8"?>
<!-- Generated by org.testng.reporters.JUnitXMLReporter -->
<testsuite hostname="DS-000000006173" name="Internet Explorer" tests="21" failures="4" timestamp="12 Jun 2015 10:52:48 GMT" time="564.435" errors="0">
  <testcase name="Sprint5_US279_TC1173" time="21.028" classname="sprint5.US279_ViewAndEditRawItemInformationPage"/>
  <testcase name="Sprint5_US279_TC1174" time="30.486" classname="sprint5.US279_ViewAndEditRawItemInformationPage"/>
  <testcase name="Sprint5_US279_TC1175" time="20.447" classname="sprint5.US279_ViewAndEditRawItemInformationPage"/>
  <testcase name="Sprint5_US279_TC768" time="10.203" classname="sprint5.US279_ViewAndEditRawItemInformationPage"/>
  <testcase name="Sprint5_US279_TC769" time="53.742" classname="sprint5.US279_ViewAndEditRawItemInformationPage"/>
  <testcase name="Sprint5_US290_TC859" time="3.681" classname="sprint5.US290_RawItemDetailPage"/>
  <testcase name="Sprint5_US290_TC861" time="5.109" classname="sprint5.US290_RawItemDetailPage"/>
  <testcase name="Sprint5_US290_TC862" time="5.668" classname="sprint5.US290_RawItemDetailPage"/>
  <testcase name="Sprint5_US290_TC863" time="7.355" classname="sprint5.US290_RawItemDetailPage"/>
  <testcase name="Sprint5_US529_TC798" time="6.306" classname="sprint5.US529_TransferLandingPage"/>
  <testcase name="Sprint5_US529_TC799" time="4.084" classname="sprint5.US529_TransferLandingPage"/>
  <testcase name="Sprint5_US529_TC876" time="7.15" classname="sprint5.US529_TransferLandingPage"/>
  <testcase name="Sprint5_US529_TC877" time="5.484" classname="sprint5.US529_TransferLandingPage"/>
  <testcase name="Sprint5_US553_TC778" time="5.867" classname="sprint5.US553_InitiateAndSubmitTransfer">
    <failure type="org.openqa.selenium.ElementNotVisibleException" message="Element is not displayed (WARNING: The server did not provide any stacktrace information)
Command duration or timeout: 46 milliseconds
Build info: version: &amp;apos;2.45.0&amp;apos;, revision: &amp;apos;32a636c&amp;apos;, time: &amp;apos;2015-03-05 22:01:35&amp;apos;
System info: host: &amp;apos;DS-000000006173&amp;apos;, ip: &amp;apos;10.112.78.73&amp;apos;, os.name: &amp;apos;Windows 7&amp;apos;, os.arch: &amp;apos;x86&amp;apos;, os.version: &amp;apos;6.1&amp;apos;, java.version: &amp;apos;1.7.0_60&amp;apos;
Session ID: bf4b4cca-8495-45d8-92ae-db8f7c9e6d94
Driver info: org.openqa.selenium.ie.InternetExplorerDriver
Capabilities [{platform=WINDOWS, javascriptEnabled=true, elementScrollBehavior=0, ignoreZoomSetting=false, enablePersistentHover=true, ie.ensureCleanSession=false, browserName=internet explorer, enableElementCacheCleanup=true, unexpectedAlertBehaviour=dismiss, version=10, ie.usePerProcessProxy=false, ignoreProtectedModeSettings=false, cssSelectorsEnabled=true, requireWindowFocus=false, initialBrowserUrl=http://localhost:18999/, handlesAlerts=true, ie.forceCreateProcessApi=false, nativeEvents=true, browserAttachTimeout=0, ie.browserCommandLineSwitches=, takesScreenshot=true}]">
      <![CDATA[org.openqa.selenium.ElementNotVisibleException: Element is not displayed (WARNING: The server did not provide any stacktrace information)
Command duration or timeout: 46 milliseconds
Build info: version: '2.45.0', revision: '32a636c', time: '2015-03-05 22:01:35'
System info: host: 'DS-000000006173', ip: '10.112.78.73', os.name: 'Windows 7', os.arch: 'x86', os.version: '6.1', java.version: '1.7.0_60'
Session ID: bf4b4cca-8495-45d8-92ae-db8f7c9e6d94
Driver info: org.openqa.selenium.ie.InternetExplorerDriver
Capabilities [{platform=WINDOWS, javascriptEnabled=true, elementScrollBehavior=0, ignoreZoomSetting=false, enablePersistentHover=true, ie.ensureCleanSession=false, browserName=internet explorer, enableElementCacheCleanup=true, unexpectedAlertBehaviour=dismiss, version=10, ie.usePerProcessProxy=false, ignoreProtectedModeSettings=false, cssSelectorsEnabled=true, requireWindowFocus=false, initialBrowserUrl=http://localhost:18999/, handlesAlerts=true, ie.forceCreateProcessApi=false, nativeEvents=true, browserAttachTimeout=0, ie.browserCommandLineSwitches=, takesScreenshot=true}]
	at org.openqa.selenium.remote.ErrorHandler.createThrowable(ErrorHandler.java:204)
	at org.openqa.selenium.remote.ErrorHandler.throwIfResponseFailed(ErrorHandler.java:156)
	at org.openqa.selenium.remote.RemoteWebDriver.execute(RemoteWebDriver.java:599)
	at org.openqa.selenium.remote.RemoteWebElement.execute(RemoteWebElement.java:268)
	at org.openqa.selenium.remote.RemoteWebElement.sendKeys(RemoteWebElement.java:89)
	at org.openqa.selenium.support.pagefactory.internal.LocatingElementHandler.invoke(LocatingElementHandler.java:50)
	at com.sun.proxy.$Proxy12.sendKeys(Unknown Source)
	at sprint5.US553_InitiateAndSubmitTransfer.Sprint5_US553_TC778(US553_InitiateAndSubmitTransfer.java:73)
... Removed 32 stack frames]]>
    </failure>
  </testcase> <!-- Sprint5_US553_TC778 -->
  <testcase name="Sprint5_US553_TC781" time="34.134" classname="sprint5.US553_InitiateAndSubmitTransfer"/>
  <testcase name="Sprint5_US553_TC794" time="4.983" classname="sprint5.US553_InitiateAndSubmitTransfer">
    <failure type="org.openqa.selenium.ElementNotVisibleException" message="Element is not displayed (WARNING: The server did not provide any stacktrace information)
Command duration or timeout: 43 milliseconds
Build info: version: &amp;apos;2.45.0&amp;apos;, revision: &amp;apos;32a636c&amp;apos;, time: &amp;apos;2015-03-05 22:01:35&amp;apos;
System info: host: &amp;apos;DS-000000006173&amp;apos;, ip: &amp;apos;10.112.78.73&amp;apos;, os.name: &amp;apos;Windows 7&amp;apos;, os.arch: &amp;apos;x86&amp;apos;, os.version: &amp;apos;6.1&amp;apos;, java.version: &amp;apos;1.7.0_60&amp;apos;
Session ID: 7a9db1dc-6a16-45e3-8b0b-592a1fa5c6c4
Driver info: org.openqa.selenium.ie.InternetExplorerDriver
Capabilities [{platform=WINDOWS, javascriptEnabled=true, elementScrollBehavior=0, ignoreZoomSetting=false, enablePersistentHover=true, ie.ensureCleanSession=false, browserName=internet explorer, enableElementCacheCleanup=true, unexpectedAlertBehaviour=dismiss, version=10, ie.usePerProcessProxy=false, ignoreProtectedModeSettings=false, cssSelectorsEnabled=true, requireWindowFocus=false, initialBrowserUrl=http://localhost:38329/, handlesAlerts=true, ie.forceCreateProcessApi=false, nativeEvents=true, browserAttachTimeout=0, ie.browserCommandLineSwitches=, takesScreenshot=true}]">
      <![CDATA[org.openqa.selenium.ElementNotVisibleException: Element is not displayed (WARNING: The server did not provide any stacktrace information)
Command duration or timeout: 43 milliseconds
Build info: version: '2.45.0', revision: '32a636c', time: '2015-03-05 22:01:35'
System info: host: 'DS-000000006173', ip: '10.112.78.73', os.name: 'Windows 7', os.arch: 'x86', os.version: '6.1', java.version: '1.7.0_60'
Session ID: 7a9db1dc-6a16-45e3-8b0b-592a1fa5c6c4
Driver info: org.openqa.selenium.ie.InternetExplorerDriver
Capabilities [{platform=WINDOWS, javascriptEnabled=true, elementScrollBehavior=0, ignoreZoomSetting=false, enablePersistentHover=true, ie.ensureCleanSession=false, browserName=internet explorer, enableElementCacheCleanup=true, unexpectedAlertBehaviour=dismiss, version=10, ie.usePerProcessProxy=false, ignoreProtectedModeSettings=false, cssSelectorsEnabled=true, requireWindowFocus=false, initialBrowserUrl=http://localhost:38329/, handlesAlerts=true, ie.forceCreateProcessApi=false, nativeEvents=true, browserAttachTimeout=0, ie.browserCommandLineSwitches=, takesScreenshot=true}]
	at org.openqa.selenium.remote.ErrorHandler.createThrowable(ErrorHandler.java:204)
	at org.openqa.selenium.remote.ErrorHandler.throwIfResponseFailed(ErrorHandler.java:156)
	at org.openqa.selenium.remote.RemoteWebDriver.execute(RemoteWebDriver.java:599)
	at org.openqa.selenium.remote.RemoteWebElement.execute(RemoteWebElement.java:268)
	at org.openqa.selenium.remote.RemoteWebElement.sendKeys(RemoteWebElement.java:89)
	at org.openqa.selenium.support.pagefactory.internal.LocatingElementHandler.invoke(LocatingElementHandler.java:50)
	at com.sun.proxy.$Proxy12.sendKeys(Unknown Source)
	at sprint5.US553_InitiateAndSubmitTransfer.Sprint5_US553_TC794(US553_InitiateAndSubmitTransfer.java:213)
... Removed 31 stack frames]]>
    </failure>
  </testcase> <!-- Sprint5_US553_TC794 -->
  <testcase name="Sprint5_US553_TC795" time="3.411" classname="sprint5.US553_InitiateAndSubmitTransfer">
    <failure type="org.openqa.selenium.ElementNotVisibleException" message="Element is not displayed (WARNING: The server did not provide any stacktrace information)
Command duration or timeout: 43 milliseconds
Build info: version: &amp;apos;2.45.0&amp;apos;, revision: &amp;apos;32a636c&amp;apos;, time: &amp;apos;2015-03-05 22:01:35&amp;apos;
System info: host: &amp;apos;DS-000000006173&amp;apos;, ip: &amp;apos;10.112.78.73&amp;apos;, os.name: &amp;apos;Windows 7&amp;apos;, os.arch: &amp;apos;x86&amp;apos;, os.version: &amp;apos;6.1&amp;apos;, java.version: &amp;apos;1.7.0_60&amp;apos;
Session ID: 5db1e83b-74fe-49b3-ab78-2f75369d6648
Driver info: org.openqa.selenium.ie.InternetExplorerDriver
Capabilities [{platform=WINDOWS, javascriptEnabled=true, elementScrollBehavior=0, ignoreZoomSetting=false, enablePersistentHover=true, ie.ensureCleanSession=false, browserName=internet explorer, enableElementCacheCleanup=true, unexpectedAlertBehaviour=dismiss, version=10, ie.usePerProcessProxy=false, ignoreProtectedModeSettings=false, cssSelectorsEnabled=true, requireWindowFocus=false, initialBrowserUrl=http://localhost:6127/, handlesAlerts=true, ie.forceCreateProcessApi=false, nativeEvents=true, browserAttachTimeout=0, ie.browserCommandLineSwitches=, takesScreenshot=true}]">
      <![CDATA[org.openqa.selenium.ElementNotVisibleException: Element is not displayed (WARNING: The server did not provide any stacktrace information)
Command duration or timeout: 43 milliseconds
Build info: version: '2.45.0', revision: '32a636c', time: '2015-03-05 22:01:35'
System info: host: 'DS-000000006173', ip: '10.112.78.73', os.name: 'Windows 7', os.arch: 'x86', os.version: '6.1', java.version: '1.7.0_60'
Session ID: 5db1e83b-74fe-49b3-ab78-2f75369d6648
Driver info: org.openqa.selenium.ie.InternetExplorerDriver
Capabilities [{platform=WINDOWS, javascriptEnabled=true, elementScrollBehavior=0, ignoreZoomSetting=false, enablePersistentHover=true, ie.ensureCleanSession=false, browserName=internet explorer, enableElementCacheCleanup=true, unexpectedAlertBehaviour=dismiss, version=10, ie.usePerProcessProxy=false, ignoreProtectedModeSettings=false, cssSelectorsEnabled=true, requireWindowFocus=false, initialBrowserUrl=http://localhost:6127/, handlesAlerts=true, ie.forceCreateProcessApi=false, nativeEvents=true, browserAttachTimeout=0, ie.browserCommandLineSwitches=, takesScreenshot=true}]
	at org.openqa.selenium.remote.ErrorHandler.createThrowable(ErrorHandler.java:204)
	at org.openqa.selenium.remote.ErrorHandler.throwIfResponseFailed(ErrorHandler.java:156)
	at org.openqa.selenium.remote.RemoteWebDriver.execute(RemoteWebDriver.java:599)
	at org.openqa.selenium.remote.RemoteWebElement.execute(RemoteWebElement.java:268)
	at org.openqa.selenium.remote.RemoteWebElement.sendKeys(RemoteWebElement.java:89)
	at org.openqa.selenium.support.pagefactory.internal.LocatingElementHandler.invoke(LocatingElementHandler.java:50)
	at com.sun.proxy.$Proxy12.sendKeys(Unknown Source)
	at sprint5.US553_InitiateAndSubmitTransfer.Sprint5_US553_TC795(US553_InitiateAndSubmitTransfer.java:273)
... Removed 31 stack frames]]>
    </failure>
  </testcase> <!-- Sprint5_US553_TC795 -->
  <testcase name="Sprint5_US553_TC874" time="4.831" classname="sprint5.US553_InitiateAndSubmitTransfer"/>
  <testcase name="Sprint5_US610_TC772" time="3.34" classname="sprint5.US610_MaintainenceLandingPage"/>
  <testcase name="Sprint5_US610_TC773" time="4.579" classname="sprint5.US610_MaintainenceLandingPage"/>
  <testcase name="Sprint5_US611_TC840" time="4.523" classname="sprint5.US611_ListOfRawItemsOnTransferPage">
    <failure type="org.openqa.selenium.ElementNotVisibleException" message="Element is not displayed (WARNING: The server did not provide any stacktrace information)
Command duration or timeout: 43 milliseconds
Build info: version: &amp;apos;2.45.0&amp;apos;, revision: &amp;apos;32a636c&amp;apos;, time: &amp;apos;2015-03-05 22:01:35&amp;apos;
System info: host: &amp;apos;DS-000000006173&amp;apos;, ip: &amp;apos;10.112.78.73&amp;apos;, os.name: &amp;apos;Windows 7&amp;apos;, os.arch: &amp;apos;x86&amp;apos;, os.version: &amp;apos;6.1&amp;apos;, java.version: &amp;apos;1.7.0_60&amp;apos;
Session ID: dc679044-ca63-49b6-934a-90c66f3cfd26
Driver info: org.openqa.selenium.ie.InternetExplorerDriver
Capabilities [{platform=WINDOWS, javascriptEnabled=true, elementScrollBehavior=0, ignoreZoomSetting=false, enablePersistentHover=true, ie.ensureCleanSession=false, browserName=internet explorer, enableElementCacheCleanup=true, unexpectedAlertBehaviour=dismiss, version=10, ie.usePerProcessProxy=false, ignoreProtectedModeSettings=false, cssSelectorsEnabled=true, requireWindowFocus=false, initialBrowserUrl=http://localhost:45510/, handlesAlerts=true, ie.forceCreateProcessApi=false, nativeEvents=true, browserAttachTimeout=0, ie.browserCommandLineSwitches=, takesScreenshot=true}]">
      <![CDATA[org.openqa.selenium.ElementNotVisibleException: Element is not displayed (WARNING: The server did not provide any stacktrace information)
Command duration or timeout: 43 milliseconds
Build info: version: '2.45.0', revision: '32a636c', time: '2015-03-05 22:01:35'
System info: host: 'DS-000000006173', ip: '10.112.78.73', os.name: 'Windows 7', os.arch: 'x86', os.version: '6.1', java.version: '1.7.0_60'
Session ID: dc679044-ca63-49b6-934a-90c66f3cfd26
Driver info: org.openqa.selenium.ie.InternetExplorerDriver
Capabilities [{platform=WINDOWS, javascriptEnabled=true, elementScrollBehavior=0, ignoreZoomSetting=false, enablePersistentHover=true, ie.ensureCleanSession=false, browserName=internet explorer, enableElementCacheCleanup=true, unexpectedAlertBehaviour=dismiss, version=10, ie.usePerProcessProxy=false, ignoreProtectedModeSettings=false, cssSelectorsEnabled=true, requireWindowFocus=false, initialBrowserUrl=http://localhost:45510/, handlesAlerts=true, ie.forceCreateProcessApi=false, nativeEvents=true, browserAttachTimeout=0, ie.browserCommandLineSwitches=, takesScreenshot=true}]
	at org.openqa.selenium.remote.ErrorHandler.createThrowable(ErrorHandler.java:204)
	at org.openqa.selenium.remote.ErrorHandler.throwIfResponseFailed(ErrorHandler.java:156)
	at org.openqa.selenium.remote.RemoteWebDriver.execute(RemoteWebDriver.java:599)
	at org.openqa.selenium.remote.RemoteWebElement.execute(RemoteWebElement.java:268)
	at org.openqa.selenium.remote.RemoteWebElement.sendKeys(RemoteWebElement.java:89)
	at org.openqa.selenium.support.pagefactory.internal.LocatingElementHandler.invoke(LocatingElementHandler.java:50)
	at com.sun.proxy.$Proxy12.sendKeys(Unknown Source)
	at sprint5.US611_ListOfRawItemsOnTransferPage.Sprint5_US611_TC840(US611_ListOfRawItemsOnTransferPage.java:35)
... Removed 31 stack frames]]>
    </failure>
  </testcase> <!-- Sprint5_US611_TC840 -->
</testsuite> <!-- Internet Explorer -->
