<?xml version="1.0" encoding="UTF-8"?>
<!-- Generated by org.testng.reporters.JUnitXMLReporter -->
<testsuite hostname="DS-000000006173" name="Test2" tests="14" failures="0" timestamp="7 May 2015 12:14:39 GMT" time="603.319" errors="0">
  <testcase name="Sprint2_US178_TC393" time="2.986" classname="Test.US178_EnterAManualPurachase"/>
  <testcase name="Sprint2_US178_TC397" time="9.024" classname="Test.US178_EnterAManualPurachase"/>
  <testcase name="Sprint2_US178_TC398" time="10.078" classname="Test.US178_EnterAManualPurachase"/>
  <testcase name="Sprint2_US178_TC399" time="10.769" classname="Test.US178_EnterAManualPurachase"/>
  <testcase name="Sprint2_US178_TC400" time="17.041" classname="Test.US178_EnterAManualPurachase"/>
  <testcase name="Sprint2_US178_TC401" time="71.126" classname="Test.US178_EnterAManualPurachase"/>
  <testcase name="Sprint2_US178_TC402" time="15.394" classname="Test.US178_EnterAManualPurachase"/>
  <testcase name="Sprint2_US178_TC403" time="11.811" classname="Test.US178_EnterAManualPurachase"/>
  <testcase name="Sprint2_US179_TC452" time="5.472" classname="Test.US179_PostAManualPurchase"/>
  <testcase name="Sprint2_US179_TC453" time="83.559" classname="Test.US179_PostAManualPurchase"/>
  <testcase name="Sprint2_US179_TC530" time="10.016" classname="Test.US179_PostAManualPurchase"/>
  <testcase name="Sprint2_US345_TC532" time="2.92" classname="Test.US345_GenerateMonthlyBillLedgerSpreadsheet"/>
  <testcase name="Sprint2_US345_TC533" time="19.059" classname="Test.US345_GenerateMonthlyBillLedgerSpreadsheet"/>
  <testcase name="Sprint2_US345_TC534" time="4.736" classname="Test.US345_GenerateMonthlyBillLedgerSpreadsheet"/>
</testsuite> <!-- Test2 -->
