<?xml version="1.0" encoding="UTF-8"?>
<!-- Generated by org.testng.reporters.JUnitXMLReporter -->
<testsuite hostname="DS-000000006173" name="Test" tests="14" failures="0" timestamp="7 May 2015 11:56:19 GMT" time="601.602" errors="0">
  <testcase name="Sprint2_US178_TC393" time="4.771" classname="Test.US178_EnterAManualPurachase"/>
  <testcase name="Sprint2_US178_TC397" time="13.611" classname="Test.US178_EnterAManualPurachase"/>
  <testcase name="Sprint2_US178_TC398" time="18.753" classname="Test.US178_EnterAManualPurachase"/>
  <testcase name="Sprint2_US178_TC399" time="16.347" classname="Test.US178_EnterAManualPurachase"/>
  <testcase name="Sprint2_US178_TC400" time="25.709" classname="Test.US178_EnterAManualPurachase"/>
  <testcase name="Sprint2_US178_TC401" time="22.901" classname="Test.US178_EnterAManualPurachase"/>
  <testcase name="Sprint2_US178_TC402" time="20.967" classname="Test.US178_EnterAManualPurachase"/>
  <testcase name="Sprint2_US178_TC403" time="19.47" classname="Test.US178_EnterAManualPurachase"/>
  <testcase name="Sprint2_US179_TC452" time="22.284" classname="Test.US179_PostAManualPurchase"/>
  <testcase name="Sprint2_US179_TC453" time="39.461" classname="Test.US179_PostAManualPurchase"/>
  <testcase name="Sprint2_US179_TC530" time="14.058" classname="Test.US179_PostAManualPurchase"/>
  <testcase name="Sprint2_US345_TC532" time="3.724" classname="Test.US345_GenerateMonthlyBillLedgerSpreadsheet"/>
  <testcase name="Sprint2_US345_TC533" time="22.251" classname="Test.US345_GenerateMonthlyBillLedgerSpreadsheet"/>
  <testcase name="Sprint2_US345_TC534" time="7.732" classname="Test.US345_GenerateMonthlyBillLedgerSpreadsheet"/>
</testsuite> <!-- Test -->
